<?xml version="1.0" encoding="UTF-8"?>
<testsuite xmlns:xsi="http://www.w3.org/2001/XMLSchema-instance" xsi:noNamespaceSchemaLocation="https://maven.apache.org/surefire/maven-surefire-plugin/xsd/surefire-test-report-3.0.xsd" version="3.0" name="SingInTest.BasicFeatureTest" time="38.99" tests="4" errors="0" skipped="0" failures="0">
  <properties>
[...]
</properties>
  <testcase name="signOutTest" classname="SingInTest.BasicFeatureTest" time="13.65"/>
  <testcase name="addCarTest" classname="SingInTest.BasicFeatureTest" time="9.518"/>
  <testcase name="addCarModelTest" classname="SingInTest.BasicFeatureTest" time="8.067"/>
  <testcase name="singInTest" classname="SingInTest.BasicFeatureTest" time="7.732"/>
</testsuite>